<?xml version="1.0" encoding="UTF-8"?>
<!-- Generated by org.testng.reporters.JUnitReportReporter -->
<testsuite skipped="0" hostname="Arun" name="TestNG.Test1" tests="1" failures="0" timestamp="18 Feb 2019 23:02:54 GMT" time="24.509" errors="0">
  <testcase name="testUntitledTestCase" time="24.509" classname="TestNG.Test1"/>
</testsuite> <!-- TestNG.Test1 -->
