<?xml version="1.0" encoding="UTF-8"?>
<!-- Generated by org.testng.reporters.JUnitReportReporter -->
<testsuite skipped="0" hostname="Arun" name="Excel.ExcelDataProvider" tests="2" failures="0" timestamp="18 Feb 2019 06:39:49 GMT" time="5.258" errors="0">
  <testcase name="test1" time="3.904" classname="Excel.ExcelDataProvider"/>
  <testcase name="test1" time="1.354" classname="Excel.ExcelDataProvider"/>
</testsuite> <!-- Excel.ExcelDataProvider -->
