<?xml version="1.0" encoding="UTF-8"?>
<!-- Generated by org.testng.reporters.JUnitReportReporter -->
<testsuite skipped="0" hostname="Arun" name="Test.TestNgDemo" tests="1" failures="0" timestamp="18 Feb 2019 06:57:40 GMT" time="5.304" errors="0">
  <testcase name="googleSearch" time="5.304" classname="Test.TestNgDemo"/>
</testsuite> <!-- Test.TestNgDemo -->
